<?xml version="1.0" encoding="UTF-8"?><testrun name="runner" project="CucumberTest" tests="25" started="25" failures="0" errors="4" ignored="5">
  <testsuite name="PetclinicCucumberTests.runner" time="2.153">
    <testsuite name="Feature: CheckHomePageLinks" time="0.01">
      <testsuite name="Scenario: Check the links on the home page" time="0.01">
        <testcase name="Given I have opened the browser and navigated to PetClinic application" classname="Given I have opened the browser and navigated to PetClinic application" time="0.009"/>
        <testcase name="Then the Menu buttons should exist" classname="Then the Menu buttons should exist" time="0.001"/>
      </testsuite>
    </testsuite>
    <testsuite name="Feature: NavigatetoFindOwners" time="1.077">
      <testsuite name="Scenario: Check the navigation to Find Owners Screen from Home Screen" time="0.18">
        <testcase name="Given I have opened the browser and navigated to PetClinic application" classname="Given I have opened the browser and navigated to PetClinic application" time="0.151"/>
        <testcase name="When I click on Find Owners link" classname="When I click on Find Owners link" time="0.029"/>
        <testcase name="Then the application should be navigated to the Find Owners screen" classname="Then the application should be navigated to the Find Owners screen" time="0.0"/>
      </testsuite>
      <testsuite name="Scenario: Find owner with last name" time="0.4">
        <testcase name="Given I have opened the browser and navigated to PetClinic application" classname="Given I have opened the browser and navigated to PetClinic application" time="0.142"/>
        <testcase name="When I click on Find Owners link" classname="When I click on Find Owners link" time="0.225"/>
        <testcase name="When I enter the Lastname and click on Find Owners" classname="When I enter the Lastname and click on Find Owners" time="0.033"/>
        <testcase name="Then it should take me to the specific Owner details" classname="Then it should take me to the specific Owner details" time="0.0"/>
      </testsuite>
      <testsuite name="Scenario: Find all owners without entering last name" time="0.291">
        <testcase name="Given I have opened the browser and navigated to PetClinic application" classname="Given I have opened the browser and navigated to PetClinic application" time="0.134"/>
        <testcase name="When I click on Find Owners link" classname="When I click on Find Owners link" time="0.127"/>
        <testcase name="When I do not enter the Lastname and click on Find Owners" classname="When I do not enter the Lastname and click on Find Owners" time="0.03"/>
        <testcase name="Then it should take me to list of existing Owner details" classname="Then it should take me to list of existing Owner details" time="0.0"/>
      </testsuite>
    </testsuite>
    <testsuite name="Feature: AddNewOwners" time="0.831">
      <testsuite name="Scenario: Check the addition of new owners" time="0.831">
        <testcase name="Given I have opened the browser and navigated to PetClinic application" classname="Given I have opened the browser and navigated to PetClinic application" time="0.13"/>
        <testcase name="When I click on Find Owners link" classname="When I click on Find Owners link" time="0.149"/>
        <testcase name="When I click on Add Owners Link" classname="When I click on Add Owners Link" time="0.404"/>
        <testcase name="When I add new owners and click on Add Owner" classname="When I add new owners and click on Add Owner" time="0.026"/>
        <testcase name="Then I see the new owner added" classname="Then I see the new owner added" time="0.122"/>
      </testsuite>
    </testsuite>
    <testsuite name="Feature: AddNewPetsToOwners" time="0.023" incomplete="true">
      <error>java.lang.reflect.UndeclaredThrowableException
	at com.sun.proxy.$Proxy11.result(Unknown Source)
	at cucumber.junit.JUnitReporter.result(JUnitReporter.java:90)
	at cucumber.runtime.Runtime.runHookIfTagsMatch(Runtime.java:163)
	at cucumber.runtime.Runtime.runHooks(Runtime.java:148)
	at cucumber.runtime.Runtime.runAfterHooks(Runtime.java:143)
	at cucumber.runtime.model.CucumberScenario.run(CucumberScenario.java:38)
	at cucumber.junit.ExecutionUnitRunner.run(ExecutionUnitRunner.java:76)
	at cucumber.junit.FeatureRunner.runChild(FeatureRunner.java:65)
	at cucumber.junit.FeatureRunner.runChild(FeatureRunner.java:20)
	at org.junit.runners.ParentRunner$3.run(ParentRunner.java:231)
	at org.junit.runners.ParentRunner$1.schedule(ParentRunner.java:60)
	at org.junit.runners.ParentRunner.runChildren(ParentRunner.java:229)
	at org.junit.runners.ParentRunner.access$000(ParentRunner.java:50)
	at org.junit.runners.ParentRunner$2.evaluate(ParentRunner.java:222)
	at org.junit.runners.ParentRunner.run(ParentRunner.java:300)
	at cucumber.junit.FeatureRunner.run(FeatureRunner.java:72)
	at cucumber.junit.Cucumber.runChild(Cucumber.java:75)
	at cucumber.junit.Cucumber.runChild(Cucumber.java:36)
	at org.junit.runners.ParentRunner$3.run(ParentRunner.java:231)
	at org.junit.runners.ParentRunner$1.schedule(ParentRunner.java:60)
	at org.junit.runners.ParentRunner.runChildren(ParentRunner.java:229)
	at org.junit.runners.ParentRunner.access$000(ParentRunner.java:50)
	at org.junit.runners.ParentRunner$2.evaluate(ParentRunner.java:222)
	at org.junit.runners.ParentRunner.run(ParentRunner.java:300)
	at cucumber.junit.Cucumber.run(Cucumber.java:80)
	at org.eclipse.jdt.internal.junit4.runner.JUnit4TestReference.run(JUnit4TestReference.java:86)
	at org.eclipse.jdt.internal.junit.runner.TestExecution.run(TestExecution.java:38)
	at org.eclipse.jdt.internal.junit.runner.RemoteTestRunner.runTests(RemoteTestRunner.java:459)
	at org.eclipse.jdt.internal.junit.runner.RemoteTestRunner.runTests(RemoteTestRunner.java:678)
	at org.eclipse.jdt.internal.junit.runner.RemoteTestRunner.run(RemoteTestRunner.java:382)
	at org.eclipse.jdt.internal.junit.runner.RemoteTestRunner.main(RemoteTestRunner.java:192)
Caused by: java.lang.reflect.InvocationTargetException
	at sun.reflect.GeneratedMethodAccessor5.invoke(Unknown Source)
	at sun.reflect.DelegatingMethodAccessorImpl.invoke(DelegatingMethodAccessorImpl.java:43)
	at java.lang.reflect.Method.invoke(Method.java:498)
	at cucumber.runtime.RuntimeOptions$2.invoke(RuntimeOptions.java:103)
	... 31 more
Caused by: java.lang.IndexOutOfBoundsException: Index: 0, Size: 0
	at java.util.ArrayList.rangeCheck(ArrayList.java:653)
	at java.util.ArrayList.remove(ArrayList.java:492)
	at gherkin.formatter.PrettyFormatter.printStep(PrettyFormatter.java:205)
	at gherkin.formatter.PrettyFormatter.result(PrettyFormatter.java:198)
	... 35 more

</error>
      <testsuite name="Scenario: Check the addition of new Pets to existing Owners" time="0.013" incomplete="true">
        <error>org.openqa.selenium.remote.SessionNotFoundException: no such session
  (Driver info: chromedriver=2.25.426935 (820a95b0b81d33e42712f9198c215f703412e1a1),platform=Mac OS X 10.12.4 x86_64) (WARNING: The server did not provide any stacktrace information)
Command duration or timeout: 2 milliseconds
Build info: version: '2.47.1', revision: 'unknown', time: '2015-07-30 11:02:44'
System info: host: 'RaghavedransMBP', ip: '192.168.1.113', os.name: 'Mac OS X', os.arch: 'x86_64', os.version: '10.12.4', java.version: '1.8.0_111'
Driver info: org.openqa.selenium.chrome.ChromeDriver
Capabilities [{applicationCacheEnabled=false, rotatable=false, mobileEmulationEnabled=false, networkConnectionEnabled=false, chrome={chromedriverVersion=2.25.426935 (820a95b0b81d33e42712f9198c215f703412e1a1), userDataDir=/var/folders/y6/6v6c_b397033m_cn4fz2pzmr0000gn/T/.org.chromium.Chromium.y2gyeA}, takesHeapSnapshot=true, pageLoadStrategy=normal, databaseEnabled=false, handlesAlerts=true, hasTouchScreen=false, version=58.0.3029.110, platform=MAC, browserConnectionEnabled=false, nativeEvents=true, acceptSslCerts=true, locationContextEnabled=true, webStorageEnabled=true, browserName=chrome, takesScreenshot=true, javascriptEnabled=true, cssSelectorsEnabled=true}]
Session ID: c3950d34a02aef333f54adcff05067de
*** Element info: {Using=class name, value=glyphicon-search}
	at sun.reflect.NativeConstructorAccessorImpl.newInstance0(Native Method)
	at sun.reflect.NativeConstructorAccessorImpl.newInstance(NativeConstructorAccessorImpl.java:62)
	at sun.reflect.DelegatingConstructorAccessorImpl.newInstance(DelegatingConstructorAccessorImpl.java:45)
	at java.lang.reflect.Constructor.newInstance(Constructor.java:423)
	at org.openqa.selenium.remote.ErrorHandler.createThrowable(ErrorHandler.java:206)
	at org.openqa.selenium.remote.ErrorHandler.throwIfResponseFailed(ErrorHandler.java:164)
	at org.openqa.selenium.remote.RemoteWebDriver.execute(RemoteWebDriver.java:595)
	at org.openqa.selenium.remote.RemoteWebDriver.findElement(RemoteWebDriver.java:348)
	at org.openqa.selenium.remote.RemoteWebDriver.findElementByClassName(RemoteWebDriver.java:429)
	at org.openqa.selenium.By$ByClassName.findElement(By.java:388)
	at org.openqa.selenium.remote.RemoteWebDriver.findElement(RemoteWebDriver.java:340)
	at PetclinicCucumberTests.HomePage.clickFindOwners(HomePage.java:22)
	at PetclinicCucumberTests.petclinicCucumberTests.ClickOnFindOwnersLink(petclinicCucumberTests.java:78)
	at âœ½.When I click on Find Owners link(PetclinicCucumberTests/03AddPets.feature:7)

org.openqa.selenium.remote.SessionNotFoundException: no such session
  (Driver info: chromedriver=2.25.426935 (820a95b0b81d33e42712f9198c215f703412e1a1),platform=Mac OS X 10.12.4 x86_64) (WARNING: The server did not provide any stacktrace information)
Command duration or timeout: 4 milliseconds
Build info: version: '2.47.1', revision: 'unknown', time: '2015-07-30 11:02:44'
System info: host: 'RaghavedransMBP', ip: '192.168.1.113', os.name: 'Mac OS X', os.arch: 'x86_64', os.version: '10.12.4', java.version: '1.8.0_111'
Driver info: org.openqa.selenium.chrome.ChromeDriver
Capabilities [{applicationCacheEnabled=false, rotatable=false, mobileEmulationEnabled=false, networkConnectionEnabled=false, chrome={chromedriverVersion=2.25.426935 (820a95b0b81d33e42712f9198c215f703412e1a1), userDataDir=/var/folders/y6/6v6c_b397033m_cn4fz2pzmr0000gn/T/.org.chromium.Chromium.y2gyeA}, takesHeapSnapshot=true, pageLoadStrategy=normal, databaseEnabled=false, handlesAlerts=true, hasTouchScreen=false, version=58.0.3029.110, platform=MAC, browserConnectionEnabled=false, nativeEvents=true, acceptSslCerts=true, locationContextEnabled=true, webStorageEnabled=true, browserName=chrome, takesScreenshot=true, javascriptEnabled=true, cssSelectorsEnabled=true}]
Session ID: c3950d34a02aef333f54adcff05067de
	at sun.reflect.NativeConstructorAccessorImpl.newInstance0(Native Method)
	at sun.reflect.NativeConstructorAccessorImpl.newInstance(NativeConstructorAccessorImpl.java:62)
	at sun.reflect.DelegatingConstructorAccessorImpl.newInstance(DelegatingConstructorAccessorImpl.java:45)
	at java.lang.reflect.Constructor.newInstance(Constructor.java:423)
	at org.openqa.selenium.remote.ErrorHandler.createThrowable(ErrorHandler.java:206)
	at org.openqa.selenium.remote.ErrorHandler.throwIfResponseFailed(ErrorHandler.java:164)
	at org.openqa.selenium.remote.RemoteWebDriver.execute(RemoteWebDriver.java:595)
	at org.openqa.selenium.remote.RemoteWebDriver.execute(RemoteWebDriver.java:618)
	at org.openqa.selenium.remote.RemoteWebDriver.close(RemoteWebDriver.java:459)
	at PetclinicCucumberTests.petclinicCucumberTests.afterFeature(petclinicCucumberTests.java:39)
	at sun.reflect.NativeMethodAccessorImpl.invoke0(Native Method)
	at sun.reflect.NativeMethodAccessorImpl.invoke(NativeMethodAccessorImpl.java:62)
	at sun.reflect.DelegatingMethodAccessorImpl.invoke(DelegatingMethodAccessorImpl.java:43)
	at java.lang.reflect.Method.invoke(Method.java:498)
	at cucumber.runtime.java.JavaHookDefinition.execute(JavaHookDefinition.java:48)
	at cucumber.runtime.Runtime.runHookIfTagsMatch(Runtime.java:156)
	at cucumber.runtime.Runtime.runHooks(Runtime.java:148)
	at cucumber.runtime.Runtime.runAfterHooks(Runtime.java:143)
	at cucumber.runtime.model.CucumberScenario.run(CucumberScenario.java:38)
	at cucumber.junit.ExecutionUnitRunner.run(ExecutionUnitRunner.java:76)
	at cucumber.junit.FeatureRunner.runChild(FeatureRunner.java:65)
	at cucumber.junit.FeatureRunner.runChild(FeatureRunner.java:20)
	at org.junit.runners.ParentRunner$3.run(ParentRunner.java:231)
	at org.junit.runners.ParentRunner$1.schedule(ParentRunner.java:60)
	at org.junit.runners.ParentRunner.runChildren(ParentRunner.java:229)
	at org.junit.runners.ParentRunner.access$000(ParentRunner.java:50)
	at org.junit.runners.ParentRunner$2.evaluate(ParentRunner.java:222)
	at org.junit.runners.ParentRunner.run(ParentRunner.java:300)
	at cucumber.junit.FeatureRunner.run(FeatureRunner.java:72)
	at cucumber.junit.Cucumber.runChild(Cucumber.java:75)
	at cucumber.junit.Cucumber.runChild(Cucumber.java:36)
	at org.junit.runners.ParentRunner$3.run(ParentRunner.java:231)
	at org.junit.runners.ParentRunner$1.schedule(ParentRunner.java:60)
	at org.junit.runners.ParentRunner.runChildren(ParentRunner.java:229)
	at org.junit.runners.ParentRunner.access$000(ParentRunner.java:50)
	at org.junit.runners.ParentRunner$2.evaluate(ParentRunner.java:222)
	at org.junit.runners.ParentRunner.run(ParentRunner.java:300)
	at cucumber.junit.Cucumber.run(Cucumber.java:80)
	at org.eclipse.jdt.internal.junit4.runner.JUnit4TestReference.run(JUnit4TestReference.java:86)
	at org.eclipse.jdt.internal.junit.runner.TestExecution.run(TestExecution.java:38)
	at org.eclipse.jdt.internal.junit.runner.RemoteTestRunner.runTests(RemoteTestRunner.java:459)
	at org.eclipse.jdt.internal.junit.runner.RemoteTestRunner.runTests(RemoteTestRunner.java:678)
	at org.eclipse.jdt.internal.junit.runner.RemoteTestRunner.run(RemoteTestRunner.java:382)
	at org.eclipse.jdt.internal.junit.runner.RemoteTestRunner.main(RemoteTestRunner.java:192)

</error>
        <testcase name="Given I have opened the browser and navigated to PetClinic application" classname="Given I have opened the browser and navigated to PetClinic application" time="0.01"/>
        <testcase name="When I click on Find Owners link" classname="When I click on Find Owners link" time="0.002">
          <error>org.openqa.selenium.remote.SessionNotFoundException: no such session
  (Driver info: chromedriver=2.25.426935 (820a95b0b81d33e42712f9198c215f703412e1a1),platform=Mac OS X 10.12.4 x86_64) (WARNING: The server did not provide any stacktrace information)
Command duration or timeout: 2 milliseconds
Build info: version: '2.47.1', revision: 'unknown', time: '2015-07-30 11:02:44'
System info: host: 'RaghavedransMBP', ip: '192.168.1.113', os.name: 'Mac OS X', os.arch: 'x86_64', os.version: '10.12.4', java.version: '1.8.0_111'
Driver info: org.openqa.selenium.chrome.ChromeDriver
Capabilities [{applicationCacheEnabled=false, rotatable=false, mobileEmulationEnabled=false, networkConnectionEnabled=false, chrome={chromedriverVersion=2.25.426935 (820a95b0b81d33e42712f9198c215f703412e1a1), userDataDir=/var/folders/y6/6v6c_b397033m_cn4fz2pzmr0000gn/T/.org.chromium.Chromium.y2gyeA}, takesHeapSnapshot=true, pageLoadStrategy=normal, databaseEnabled=false, handlesAlerts=true, hasTouchScreen=false, version=58.0.3029.110, platform=MAC, browserConnectionEnabled=false, nativeEvents=true, acceptSslCerts=true, locationContextEnabled=true, webStorageEnabled=true, browserName=chrome, takesScreenshot=true, javascriptEnabled=true, cssSelectorsEnabled=true}]
Session ID: c3950d34a02aef333f54adcff05067de
*** Element info: {Using=class name, value=glyphicon-search}
	at sun.reflect.NativeConstructorAccessorImpl.newInstance0(Native Method)
	at sun.reflect.NativeConstructorAccessorImpl.newInstance(NativeConstructorAccessorImpl.java:62)
	at sun.reflect.DelegatingConstructorAccessorImpl.newInstance(DelegatingConstructorAccessorImpl.java:45)
	at java.lang.reflect.Constructor.newInstance(Constructor.java:423)
	at org.openqa.selenium.remote.ErrorHandler.createThrowable(ErrorHandler.java:206)
	at org.openqa.selenium.remote.ErrorHandler.throwIfResponseFailed(ErrorHandler.java:164)
	at org.openqa.selenium.remote.RemoteWebDriver.execute(RemoteWebDriver.java:595)
	at org.openqa.selenium.remote.RemoteWebDriver.findElement(RemoteWebDriver.java:348)
	at org.openqa.selenium.remote.RemoteWebDriver.findElementByClassName(RemoteWebDriver.java:429)
	at org.openqa.selenium.By$ByClassName.findElement(By.java:388)
	at org.openqa.selenium.remote.RemoteWebDriver.findElement(RemoteWebDriver.java:340)
	at PetclinicCucumberTests.HomePage.clickFindOwners(HomePage.java:22)
	at PetclinicCucumberTests.petclinicCucumberTests.ClickOnFindOwnersLink(petclinicCucumberTests.java:78)
	at âœ½.When I click on Find Owners link(PetclinicCucumberTests/03AddPets.feature:7)

</error>
        </testcase>
        <testcase name="When I enter the Lastname and click on Find Owners" classname="When I enter the Lastname and click on Find Owners" time="0.001" ignored="true"/>
        <testcase name="Then it should take me to the specific Owner details" classname="Then it should take me to the specific Owner details" time="0.0" ignored="true"/>
        <testcase name="Then I click on Add Pets" classname="Then I click on Add Pets" time="0.001" ignored="true"/>
        <testcase name="When I enter new Pet values" classname="When I enter new Pet values" time="0.0" ignored="true"/>
        <testcase name="Then I should see the Pet attached to the owner" classname="Then I should see the Pet attached to the owner" time="0.005" ignored="true"/>
      </testsuite>
    </testsuite>
  </testsuite>
</testrun>
