<?xml version="1.0" encoding="UTF-8"?><testrun name="runner" project="CucumberTest" tests="25" started="25" failures="0" errors="2" ignored="0">
  <testsuite name="PetclinicCucumberTests.runner" time="8.728">
    <testsuite name="Feature: CheckHomePageLinks" time="0.0">
      <testsuite name="Scenario: Check the links on the home page" time="0.0">
        <testcase name="Given I have opened the browser and navigated to PetClinic application" classname="Given I have opened the browser and navigated to PetClinic application" time="0.0"/>
        <testcase name="Then the Menu buttons should exist" classname="Then the Menu buttons should exist" time="0.0"/>
      </testsuite>
    </testsuite>
    <testsuite name="Feature: NavigatetoFindOwners" time="1.062">
      <testsuite name="Scenario: Check the navigation to Find Owners Screen from Home Screen" time="0.113">
        <testcase name="Given I have opened the browser and navigated to PetClinic application" classname="Given I have opened the browser and navigated to PetClinic application" time="0.081"/>
        <testcase name="When I click on Find Owners link" classname="When I click on Find Owners link" time="0.031"/>
        <testcase name="Then the application should be navigated to the Find Owners screen" classname="Then the application should be navigated to the Find Owners screen" time="0.0"/>
      </testsuite>
      <testsuite name="Scenario: Find owner with last name" time="0.439">
        <testcase name="Given I have opened the browser and navigated to PetClinic application" classname="Given I have opened the browser and navigated to PetClinic application" time="0.161"/>
        <testcase name="When I click on Find Owners link" classname="When I click on Find Owners link" time="0.24"/>
        <testcase name="When I enter the Lastname and click on Find Owners" classname="When I enter the Lastname and click on Find Owners" time="0.037"/>
        <testcase name="Then it should take me to the specific Owner details" classname="Then it should take me to the specific Owner details" time="0.001"/>
      </testsuite>
      <testsuite name="Scenario: Find all owners without entering last name" time="0.325">
        <testcase name="Given I have opened the browser and navigated to PetClinic application" classname="Given I have opened the browser and navigated to PetClinic application" time="0.148"/>
        <testcase name="When I click on Find Owners link" classname="When I click on Find Owners link" time="0.147"/>
        <testcase name="When I do not enter the Lastname and click on Find Owners" classname="When I do not enter the Lastname and click on Find Owners" time="0.03"/>
        <testcase name="Then it should take me to list of existing Owner details" classname="Then it should take me to list of existing Owner details" time="0.0"/>
      </testsuite>
    </testsuite>
    <testsuite name="Feature: AddNewOwners" time="0.739">
      <testsuite name="Scenario: Check the addition of new owners" time="0.739">
        <testcase name="Given I have opened the browser and navigated to PetClinic application" classname="Given I have opened the browser and navigated to PetClinic application" time="0.139"/>
        <testcase name="When I click on Find Owners link" classname="When I click on Find Owners link" time="0.157"/>
        <testcase name="When I click on Add Owners Link" classname="When I click on Add Owners Link" time="0.418"/>
        <testcase name="When I add new owners and click on Add Owner" classname="When I add new owners and click on Add Owner" time="0.025"/>
        <testcase name="Then I see the new owner added" classname="Then I see the new owner added" time="0.0"/>
      </testsuite>
    </testsuite>
    <testsuite name="Feature: AddNewPetsToOwners" time="6.737">
      <testsuite name="Scenario: Check the addition of new Pets to existing Owners" time="6.737" incomplete="true">
        <error>org.openqa.selenium.NoSuchElementException: no such element: Unable to locate element: {"method":"link text","selector":"Edit Pet"}
  (Session info: chrome=58.0.3029.110)
  (Driver info: chromedriver=2.25.426935 (820a95b0b81d33e42712f9198c215f703412e1a1),platform=Mac OS X 10.12.4 x86_64) (WARNING: The server did not provide any stacktrace information)
Command duration or timeout: 27 milliseconds
For documentation on this error, please visit: http://seleniumhq.org/exceptions/no_such_element.html
Build info: version: '2.47.1', revision: 'unknown', time: '2015-07-30 11:02:44'
System info: host: 'RaghavedransMBP', ip: '192.168.1.113', os.name: 'Mac OS X', os.arch: 'x86_64', os.version: '10.12.4', java.version: '1.8.0_111'
Driver info: org.openqa.selenium.chrome.ChromeDriver
Capabilities [{applicationCacheEnabled=false, rotatable=false, mobileEmulationEnabled=false, networkConnectionEnabled=false, chrome={chromedriverVersion=2.25.426935 (820a95b0b81d33e42712f9198c215f703412e1a1), userDataDir=/var/folders/y6/6v6c_b397033m_cn4fz2pzmr0000gn/T/.org.chromium.Chromium.m6iYUP}, takesHeapSnapshot=true, pageLoadStrategy=normal, databaseEnabled=false, handlesAlerts=true, hasTouchScreen=false, version=58.0.3029.110, platform=MAC, browserConnectionEnabled=false, nativeEvents=true, acceptSslCerts=true, locationContextEnabled=true, webStorageEnabled=true, browserName=chrome, takesScreenshot=true, javascriptEnabled=true, cssSelectorsEnabled=true}]
Session ID: 0104c082f96ad4d376bcaf771f390320
*** Element info: {Using=link text, value=Edit Pet}
	at sun.reflect.NativeConstructorAccessorImpl.newInstance0(Native Method)
	at sun.reflect.NativeConstructorAccessorImpl.newInstance(NativeConstructorAccessorImpl.java:62)
	at sun.reflect.DelegatingConstructorAccessorImpl.newInstance(DelegatingConstructorAccessorImpl.java:45)
	at java.lang.reflect.Constructor.newInstance(Constructor.java:423)
	at org.openqa.selenium.remote.ErrorHandler.createThrowable(ErrorHandler.java:206)
	at org.openqa.selenium.remote.ErrorHandler.throwIfResponseFailed(ErrorHandler.java:158)
	at org.openqa.selenium.remote.RemoteWebDriver.execute(RemoteWebDriver.java:595)
	at org.openqa.selenium.remote.RemoteWebDriver.findElement(RemoteWebDriver.java:348)
	at org.openqa.selenium.remote.RemoteWebDriver.findElementByLinkText(RemoteWebDriver.java:397)
	at org.openqa.selenium.By$ByLinkText.findElement(By.java:243)
	at org.openqa.selenium.remote.RemoteWebDriver.findElement(RemoteWebDriver.java:340)
	at PetclinicCucumberTests.petclinicCucumberTests.IShouldSeeThePetAttachedToTheOwner(petclinicCucumberTests.java:168)
	at âœ½.Then I should see the Pet attached to the owner(PetclinicCucumberTests/03AddPets.feature:17)

</error>
        <testcase name="Given I have opened the browser and navigated to PetClinic application" classname="Given I have opened the browser and navigated to PetClinic application" time="0.138"/>
        <testcase name="When I click on Find Owners link" classname="When I click on Find Owners link" time="0.187"/>
        <testcase name="When I enter the Lastname and click on Find Owners" classname="When I enter the Lastname and click on Find Owners" time="0.025"/>
        <testcase name="Then it should take me to the specific Owner details" classname="Then it should take me to the specific Owner details" time="3.158"/>
        <testcase name="Then I click on Add Pets" classname="Then I click on Add Pets" time="3.193"/>
        <testcase name="When I enter new Pet values" classname="When I enter new Pet values" time="0.034"/>
        <testcase name="Then I should see the Pet attached to the owner" classname="Then I should see the Pet attached to the owner" time="0.002">
          <error>org.openqa.selenium.NoSuchElementException: no such element: Unable to locate element: {"method":"link text","selector":"Edit Pet"}
  (Session info: chrome=58.0.3029.110)
  (Driver info: chromedriver=2.25.426935 (820a95b0b81d33e42712f9198c215f703412e1a1),platform=Mac OS X 10.12.4 x86_64) (WARNING: The server did not provide any stacktrace information)
Command duration or timeout: 27 milliseconds
For documentation on this error, please visit: http://seleniumhq.org/exceptions/no_such_element.html
Build info: version: '2.47.1', revision: 'unknown', time: '2015-07-30 11:02:44'
System info: host: 'RaghavedransMBP', ip: '192.168.1.113', os.name: 'Mac OS X', os.arch: 'x86_64', os.version: '10.12.4', java.version: '1.8.0_111'
Driver info: org.openqa.selenium.chrome.ChromeDriver
Capabilities [{applicationCacheEnabled=false, rotatable=false, mobileEmulationEnabled=false, networkConnectionEnabled=false, chrome={chromedriverVersion=2.25.426935 (820a95b0b81d33e42712f9198c215f703412e1a1), userDataDir=/var/folders/y6/6v6c_b397033m_cn4fz2pzmr0000gn/T/.org.chromium.Chromium.m6iYUP}, takesHeapSnapshot=true, pageLoadStrategy=normal, databaseEnabled=false, handlesAlerts=true, hasTouchScreen=false, version=58.0.3029.110, platform=MAC, browserConnectionEnabled=false, nativeEvents=true, acceptSslCerts=true, locationContextEnabled=true, webStorageEnabled=true, browserName=chrome, takesScreenshot=true, javascriptEnabled=true, cssSelectorsEnabled=true}]
Session ID: 0104c082f96ad4d376bcaf771f390320
*** Element info: {Using=link text, value=Edit Pet}
	at sun.reflect.NativeConstructorAccessorImpl.newInstance0(Native Method)
	at sun.reflect.NativeConstructorAccessorImpl.newInstance(NativeConstructorAccessorImpl.java:62)
	at sun.reflect.DelegatingConstructorAccessorImpl.newInstance(DelegatingConstructorAccessorImpl.java:45)
	at java.lang.reflect.Constructor.newInstance(Constructor.java:423)
	at org.openqa.selenium.remote.ErrorHandler.createThrowable(ErrorHandler.java:206)
	at org.openqa.selenium.remote.ErrorHandler.throwIfResponseFailed(ErrorHandler.java:158)
	at org.openqa.selenium.remote.RemoteWebDriver.execute(RemoteWebDriver.java:595)
	at org.openqa.selenium.remote.RemoteWebDriver.findElement(RemoteWebDriver.java:348)
	at org.openqa.selenium.remote.RemoteWebDriver.findElementByLinkText(RemoteWebDriver.java:397)
	at org.openqa.selenium.By$ByLinkText.findElement(By.java:243)
	at org.openqa.selenium.remote.RemoteWebDriver.findElement(RemoteWebDriver.java:340)
	at PetclinicCucumberTests.petclinicCucumberTests.IShouldSeeThePetAttachedToTheOwner(petclinicCucumberTests.java:168)
	at âœ½.Then I should see the Pet attached to the owner(PetclinicCucumberTests/03AddPets.feature:17)

</error>
        </testcase>
      </testsuite>
    </testsuite>
  </testsuite>
</testrun>
